<?xml version="1.0" encoding="UTF-8"?>
<!-- Generated by org.testng.reporters.JUnitXMLReporter -->
<testsuite ignored="0" hostname="MilanThakkar" failures="1" tests="10" name="Test" time="0.015" errors="0" timestamp="03 Mar. 2022 01:31:48 GMT">
  <testcase classname="selenium.Testing1" name="test1" time="0.0"/>
  <testcase classname="selenium.Testing1" name="test2" time="0.0"/>
  <testcase classname="selenium.Testing1" name="test3" time="0.0"/>
  <testcase classname="selenium.Testing1" name="testDataProvider" time="0.0"/>
  <testcase classname="selenium.Testing1" name="testDataProvider" time="0.0"/>
  <testcase classname="selenium.Testing2" name="test4" time="0.0"/>
  <testcase classname="selenium.Testing2" name="test5" time="0.0"/>
  <testcase classname="selenium.Testing3" name="createUser" time="0.0">
    <failure type="java.lang.AssertionError" message="verify element expected [true] but found [false]">
      <![CDATA[java.lang.AssertionError: verify element expected [true] but found [false]
at selenium.Testing3.createUser(Testing3.java:15)
... Removed 27 stack frames]]>
    </failure>
  </testcase> <!-- createUser -->
  <testcase classname="selenium.Testing3" name="editUser" time="0.0">
    <skipped/>
  </testcase> <!-- editUser -->
  <testcase classname="selenium.Testing3" name="deleteUser" time="0.0">
    <skipped/>
  </testcase> <!-- deleteUser -->
</testsuite> <!-- Test -->
